<?xml version="1.0" encoding="UTF-8"?>
<!-- Generated by org.testng.reporters.JUnitReportReporter -->
<testsuite hostname="DELTA" name="com.webdriver.GitHubTest" tests="1" failures="0" timestamp="19 May 2015 08:38:49 GMT" time="72.638" errors="0">
  <testcase name="SignUp" time="72.638" classname="com.webdriver.GitHubTest"/>
</testsuite> <!-- com.webdriver.GitHubTest -->
